  pch.cpp
  action.cpp
  animation.cpp
  bullets.cpp
C:\Users\울산괴인\Documents\GitHub\shovel_knight\shovel_knight\bullets.cpp(39,49): warning C4244: '=': 'int'에서 'float'(으)로 변환하면서 데이터가 손실될 수 있습니다.
C:\Users\울산괴인\Documents\GitHub\shovel_knight\shovel_knight\bullets.cpp(44,45): warning C4244: '인수': 'float'에서 'int'(으)로 변환하면서 데이터가 손실될 수 있습니다.
C:\Users\울산괴인\Documents\GitHub\shovel_knight\shovel_knight\bullets.cpp(44,35): warning C4244: '인수': 'float'에서 'int'(으)로 변환하면서 데이터가 손실될 수 있습니다.
C:\Users\울산괴인\Documents\GitHub\shovel_knight\shovel_knight\bullets.cpp(59,57): warning C4244: '인수': 'float'에서 'int'(으)로 변환하면서 데이터가 손실될 수 있습니다.
C:\Users\울산괴인\Documents\GitHub\shovel_knight\shovel_knight\bullets.cpp(59,43): warning C4244: '인수': 'float'에서 'int'(으)로 변환하면서 데이터가 손실될 수 있습니다.
C:\Users\울산괴인\Documents\GitHub\shovel_knight\shovel_knight\bullets.cpp(133,57): warning C4244: '인수': 'float'에서 'int'(으)로 변환하면서 데이터가 손실될 수 있습니다.
C:\Users\울산괴인\Documents\GitHub\shovel_knight\shovel_knight\bullets.cpp(133,43): warning C4244: '인수': 'float'에서 'int'(으)로 변환하면서 데이터가 손실될 수 있습니다.
C:\Users\울산괴인\Documents\GitHub\shovel_knight\shovel_knight\bullets.cpp(149,57): warning C4244: '인수': 'float'에서 'int'(으)로 변환하면서 데이터가 손실될 수 있습니다.
C:\Users\울산괴인\Documents\GitHub\shovel_knight\shovel_knight\bullets.cpp(149,43): warning C4244: '인수': 'float'에서 'int'(으)로 변환하면서 데이터가 손실될 수 있습니다.
C:\Users\울산괴인\Documents\GitHub\shovel_knight\shovel_knight\bullets.cpp(215,45): warning C4244: '인수': 'float'에서 'int'(으)로 변환하면서 데이터가 손실될 수 있습니다.
C:\Users\울산괴인\Documents\GitHub\shovel_knight\shovel_knight\bullets.cpp(215,35): warning C4244: '인수': 'float'에서 'int'(으)로 변환하면서 데이터가 손실될 수 있습니다.
C:\Users\울산괴인\Documents\GitHub\shovel_knight\shovel_knight\bullets.cpp(227,57): warning C4244: '인수': 'float'에서 'int'(으)로 변환하면서 데이터가 손실될 수 있습니다.
C:\Users\울산괴인\Documents\GitHub\shovel_knight\shovel_knight\bullets.cpp(227,43): warning C4244: '인수': 'float'에서 'int'(으)로 변환하면서 데이터가 손실될 수 있습니다.
  button.cpp
C:\Users\울산괴인\Documents\GitHub\shovel_knight\shovel_knight\button.cpp(20,7): warning C4244: '=': 'int'에서 'float'(으)로 변환하면서 데이터가 손실될 수 있습니다.
C:\Users\울산괴인\Documents\GitHub\shovel_knight\shovel_knight\button.cpp(21,7): warning C4244: '=': 'int'에서 'float'(으)로 변환하면서 데이터가 손실될 수 있습니다.
C:\Users\울산괴인\Documents\GitHub\shovel_knight\shovel_knight\button.cpp(29,27): warning C4244: '인수': 'float'에서 'int'(으)로 변환하면서 데이터가 손실될 수 있습니다.
C:\Users\울산괴인\Documents\GitHub\shovel_knight\shovel_knight\button.cpp(29,23): warning C4244: '인수': 'float'에서 'int'(으)로 변환하면서 데이터가 손실될 수 있습니다.
  character.cpp
C:\Users\울산괴인\Documents\GitHub\shovel_knight\shovel_knight\character.cpp(35,35): warning C4244: '인수': 'float'에서 'int'(으)로 변환하면서 데이터가 손실될 수 있습니다.
C:\Users\울산괴인\Documents\GitHub\shovel_knight\shovel_knight\character.cpp(35,31): warning C4244: '인수': 'float'에서 'int'(으)로 변환하면서 데이터가 손실될 수 있습니다.
C:\Users\울산괴인\Documents\GitHub\shovel_knight\shovel_knight\character.cpp(36,41): warning C4244: '인수': 'float'에서 'int'(으)로 변환하면서 데이터가 손실될 수 있습니다.
C:\Users\울산괴인\Documents\GitHub\shovel_knight\shovel_knight\character.cpp(36,37): warning C4244: '인수': 'float'에서 'int'(으)로 변환하면서 데이터가 손실될 수 있습니다.
C:\Users\울산괴인\Documents\GitHub\shovel_knight\shovel_knight\character.cpp(65,35): warning C4244: '인수': 'float'에서 'int'(으)로 변환하면서 데이터가 손실될 수 있습니다.
C:\Users\울산괴인\Documents\GitHub\shovel_knight\shovel_knight\character.cpp(65,31): warning C4244: '인수': 'float'에서 'int'(으)로 변환하면서 데이터가 손실될 수 있습니다.
C:\Users\울산괴인\Documents\GitHub\shovel_knight\shovel_knight\character.cpp(66,41): warning C4244: '인수': 'float'에서 'int'(으)로 변환하면서 데이터가 손실될 수 있습니다.
C:\Users\울산괴인\Documents\GitHub\shovel_knight\shovel_knight\character.cpp(66,37): warning C4244: '인수': 'float'에서 'int'(으)로 변환하면서 데이터가 손실될 수 있습니다.
C:\Users\울산괴인\Documents\GitHub\shovel_knight\shovel_knight\character.cpp(188,51): warning C4244: '=': 'LONG'에서 'float'(으)로 변환하면서 데이터가 손실될 수 있습니다.
C:\Users\울산괴인\Documents\GitHub\shovel_knight\shovel_knight\character.cpp(189,36): warning C4305: '-=': 'double'에서 'float'(으)로 잘립니다.
C:\Users\울산괴인\Documents\GitHub\shovel_knight\shovel_knight\character.cpp(198,51): warning C4244: '=': 'LONG'에서 'float'(으)로 변환하면서 데이터가 손실될 수 있습니다.
C:\Users\울산괴인\Documents\GitHub\shovel_knight\shovel_knight\character.cpp(199,36): warning C4305: '+=': 'double'에서 'float'(으)로 잘립니다.
C:\Users\울산괴인\Documents\GitHub\shovel_knight\shovel_knight\character.cpp(340,25): warning C4244: '초기화 중': 'LONG'에서 'float'(으)로 변환하면서 데이터가 손실될 수 있습니다.
C:\Users\울산괴인\Documents\GitHub\shovel_knight\shovel_knight\character.cpp(341,26): warning C4244: '초기화 중': 'LONG'에서 'float'(으)로 변환하면서 데이터가 손실될 수 있습니다.
C:\Users\울산괴인\Documents\GitHub\shovel_knight\shovel_knight\character.cpp(451,25): warning C4244: '-=': 'float'에서 'int'(으)로 변환하면서 데이터가 손실될 수 있습니다.
C:\Users\울산괴인\Documents\GitHub\shovel_knight\shovel_knight\character.cpp(456,33): warning C4305: '=': 'double'에서 'float'(으)로 잘립니다.
C:\Users\울산괴인\Documents\GitHub\shovel_knight\shovel_knight\character.cpp(505,49): warning C4267: '인수': 'size_t'에서 'int'(으)로 변환하면서 데이터가 손실될 수 있습니다.
  effect.cpp
  effectManager.cpp
  gameNode.cpp
C:\Users\울산괴인\Documents\GitHub\shovel_knight\shovel_knight\gameNode.cpp(100,36): warning C4244: '=': 'float'에서 'LONG'(으)로 변환하면서 데이터가 손실될 수 있습니다.
C:\Users\울산괴인\Documents\GitHub\shovel_knight\shovel_knight\gameNode.cpp(101,36): warning C4244: '=': 'float'에서 'LONG'(으)로 변환하면서 데이터가 손실될 수 있습니다.
C:\Users\울산괴인\Documents\GitHub\shovel_knight\shovel_knight\gameNode.cpp(95,8): warning C4101: 'hdc' :참조되지 않은 지역 변수입니다.
C:\Users\울산괴인\Documents\GitHub\shovel_knight\shovel_knight\gameNode.cpp(94,14): warning C4101: 'ps' :참조되지 않은 지역 변수입니다.
  image.cpp
C:\Users\울산괴인\Documents\GitHub\shovel_knight\shovel_knight\image.cpp(75,28): warning C4267: '초기화 중': 'size_t'에서 'int'(으)로 변환하면서 데이터가 손실될 수 있습니다.
C:\Users\울산괴인\Documents\GitHub\shovel_knight\shovel_knight\image.cpp(129,28): warning C4267: '초기화 중': 'size_t'에서 'int'(으)로 변환하면서 데이터가 손실될 수 있습니다.
C:\Users\울산괴인\Documents\GitHub\shovel_knight\shovel_knight\image.cpp(181,28): warning C4267: '초기화 중': 'size_t'에서 'int'(으)로 변환하면서 데이터가 손실될 수 있습니다.
C:\Users\울산괴인\Documents\GitHub\shovel_knight\shovel_knight\image.cpp(482,34): warning C4244: '인수': 'float'에서 'int'(으)로 변환하면서 데이터가 손실될 수 있습니다.
C:\Users\울산괴인\Documents\GitHub\shovel_knight\shovel_knight\image.cpp(482,19): warning C4244: '인수': 'float'에서 'int'(으)로 변환하면서 데이터가 손실될 수 있습니다.
C:\Users\울산괴인\Documents\GitHub\shovel_knight\shovel_knight\image.cpp(488,44): warning C4244: '인수': 'float'에서 'int'(으)로 변환하면서 데이터가 손실될 수 있습니다.
C:\Users\울산괴인\Documents\GitHub\shovel_knight\shovel_knight\image.cpp(488,29): warning C4244: '인수': 'float'에서 'int'(으)로 변환하면서 데이터가 손실될 수 있습니다.
C:\Users\울산괴인\Documents\GitHub\shovel_knight\shovel_knight\image.cpp(493,44): warning C4244: '인수': 'float'에서 'int'(으)로 변환하면서 데이터가 손실될 수 있습니다.
C:\Users\울산괴인\Documents\GitHub\shovel_knight\shovel_knight\image.cpp(493,29): warning C4244: '인수': 'float'에서 'int'(으)로 변환하면서 데이터가 손실될 수 있습니다.
C:\Users\울산괴인\Documents\GitHub\shovel_knight\shovel_knight\image.cpp(506,34): warning C4244: '인수': 'float'에서 'int'(으)로 변환하면서 데이터가 손실될 수 있습니다.
C:\Users\울산괴인\Documents\GitHub\shovel_knight\shovel_knight\image.cpp(506,19): warning C4244: '인수': 'float'에서 'int'(으)로 변환하면서 데이터가 손실될 수 있습니다.
  imageManager.cpp
  inGameScene.cpp
  iniDataManager.cpp
  keyAniManager.cpp
  keyManager.cpp
  loadingScene.cpp
C:\Users\울산괴인\Documents\GitHub\shovel_knight\shovel_knight\loadingScene.cpp(45,24): warning C4244: '인수': 'int'에서 'float'(으)로 변환하면서 데이터가 손실될 수 있습니다.
  playGround.cpp
  progressBar.cpp
C:\Users\울산괴인\Documents\GitHub\shovel_knight\shovel_knight\progressBar.cpp(24,36): warning C4244: '=': 'int'에서 'float'(으)로 변환하면서 데이터가 손실될 수 있습니다.
C:\Users\울산괴인\Documents\GitHub\shovel_knight\shovel_knight\progressBar.cpp(49,3): warning C4244: '인수': 'float'에서 'int'(으)로 변환하면서 데이터가 손실될 수 있습니다.
  sceneManager.cpp
  soundManager.cpp
  timeManager.cpp
C:\Users\울산괴인\Documents\GitHub\shovel_knight\shovel_knight\timeManager.cpp(52,38): warning C4267: '인수': 'size_t'에서 'int'(으)로 변환하면서 데이터가 손실될 수 있습니다.
C:\Users\울산괴인\Documents\GitHub\shovel_knight\shovel_knight\timeManager.cpp(56,39): warning C4267: '인수': 'size_t'에서 'int'(으)로 변환하면서 데이터가 손실될 수 있습니다.
C:\Users\울산괴인\Documents\GitHub\shovel_knight\shovel_knight\timeManager.cpp(60,39): warning C4267: '인수': 'size_t'에서 'int'(으)로 변환하면서 데이터가 손실될 수 있습니다.
  코드를 생성하고 있습니다...
C:\Users\울산괴인\Documents\GitHub\shovel_knight\shovel_knight\iniDataManager.cpp(79): warning C4172: 지역 변수 또는 임시: data의 주소를 반환하고 있습니다.
  컴파일하고 있습니다...
  timer.cpp
  txtData.cpp
  utils.cpp
  WindowsAPI.cpp
C:\Users\울산괴인\Documents\GitHub\shovel_knight\shovel_knight\WindowsAPI.cpp(101,16): warning C4244: 'return': 'WPARAM'에서 'int'(으)로 변환하면서 데이터가 손실될 수 있습니다.
  코드를 생성하고 있습니다...
C:\Users\울산괴인\Documents\GitHub\shovel_knight\shovel_knight\txtData.cpp(52): warning C4172: 지역 변수 또는 임시: str의 주소를 반환하고 있습니다.
  WindowsAPI.vcxproj -> C:\Users\울산괴인\Documents\GitHub\shovel_knight\shovel_knight\x64\Debug\WindowsAPI.exe
